<?xml version="1.0" encoding="UTF-8"?>
<!-- Generated by org.testng.reporters.JUnitReportReporter -->
<testsuite hostname="DESKTOP-C1TU1OE" failures="0" tests="3" name="tests.PageObjectDataProviderTest2" time="36.399" errors="0" timestamp="2023-05-25T18:21:44 IST" skipped="0">
  <testcase classname="tests.PageObjectDataProviderTest2" name="simpleFormTest" time="13.026"/>
  <system-out/>
  <testcase classname="tests.PageObjectDataProviderTest2" name="simpleFormTest" time="11.541"/>
  <system-out/>
  <testcase classname="tests.PageObjectDataProviderTest2" name="simpleFormTest" time="11.832"/>
  <system-out/>
</testsuite> <!-- tests.PageObjectDataProviderTest2 -->
